https://patch-ct-labs.ecchi.xxx/patch/files/assets_resources_versionshare_baseassets_uiprefabs_mainui_mirror_mirror_effect_materials_mirror_effect_m6.6089c2f6bc4c5ff8e18ba2b23f83cb4c
D:\Games\GameUnpackAssets\mymodel\DevRes\樱境物语_资源下载器\Asset\assets_resources_versionshare_baseassets_uiprefabs_mainui_mirror_mirror_effect_materials_mirror_effect_m6

https://patch-ct-labs.ecchi.xxx/patch/files/assets_resources_versionshare_baseassets_uiprefabs_mainui_home_effect_materials_home_effect_m15.c750c12d5789549f1f8696206aa808db
D:\Games\GameUnpackAssets\mymodel\DevRes\樱境物语_资源下载器\Asset\assets_resources_versionshare_baseassets_uiprefabs_mainui_home_effect_materials_home_effect_m15

https://patch-ct-labs.ecchi.xxx/patch/files/assets_resources_versionshare_baseassets_uiprefabs_mainui_home_effect_materials_home_effect_m2.d2d33c201a4627882620ab9da5b724a0
D:\Games\GameUnpackAssets\mymodel\DevRes\樱境物语_资源下载器\Asset\assets_resources_versionshare_baseassets_uiprefabs_mainui_home_effect_materials_home_effect_m2

https://patch-ct-labs.ecchi.xxx/patch/files/assets_resources_versionshare_baseassets_uiprefabs_mainui_mirror_mirror_effect_materials_mirror_effect_m11.8468b5e1e5d757af66a707341a73e368
D:\Games\GameUnpackAssets\mymodel\DevRes\樱境物语_资源下载器\Asset\assets_resources_versionshare_baseassets_uiprefabs_mainui_mirror_mirror_effect_materials_mirror_effect_m11

https://patch-ct-labs.ecchi.xxx/patch/files/assets_resources_versionshare_baseassets_uiprefabs_mainui_home_effect_materials_home_effect_m9.b62159b7fa9903bfa38221d12c1b23cd
D:\Games\GameUnpackAssets\mymodel\DevRes\樱境物语_资源下载器\Asset\assets_resources_versionshare_baseassets_uiprefabs_mainui_home_effect_materials_home_effect_m9

https://patch-ct-labs.ecchi.xxx/patch/files/assets_resources_versionshare_baseassets_uiprefabs_mainui_mirror_mirror_effect_materials_mirror_effect_m5.1f2c67955674d4a6a5645adda067f0a0
D:\Games\GameUnpackAssets\mymodel\DevRes\樱境物语_资源下载器\Asset\assets_resources_versionshare_baseassets_uiprefabs_mainui_mirror_mirror_effect_materials_mirror_effect_m5

https://patch-ct-labs.ecchi.xxx/patch/files/assets_resources_versionshare_baseassets_uiprefabs_simpleprefab_img_prefabs_img_cg_ct26_01_cgroot.da36978166c514be474b010b616ce348
D:\Games\GameUnpackAssets\mymodel\DevRes\樱境物语_资源下载器\Asset\assets_resources_versionshare_baseassets_uiprefabs_simpleprefab_img_prefabs_img_cg_ct26_01_cgroot

https://patch-ct-labs.ecchi.xxx/patch/files/assets_resources_versionshare_baseassets_uiprefabs_mainui_mirror_mirror_effect_materials_mirror_effect_m3.0ab4fada960f77ed5d62654404369d2c
D:\Games\GameUnpackAssets\mymodel\DevRes\樱境物语_资源下载器\Asset\assets_resources_versionshare_baseassets_uiprefabs_mainui_mirror_mirror_effect_materials_mirror_effect_m3

https://patch-ct-labs.ecchi.xxx/patch/files/assets_resources_versionshare_baseassets_uiprefabs_mainui_home_effect_textures_home_effect_t5.54a8ce1c78432541233ad943cc38f540
D:\Games\GameUnpackAssets\mymodel\DevRes\樱境物语_资源下载器\Asset\assets_resources_versionshare_baseassets_uiprefabs_mainui_home_effect_textures_home_effect_t5

https://patch-ct-labs.ecchi.xxx/patch/files/assets_resources_versionshare_baseassets_uiprefabs_mainui_home_effect_materials_home_effect_m1.696b6c13c5836d28d3055e577555b53e
D:\Games\GameUnpackAssets\mymodel\DevRes\樱境物语_资源下载器\Asset\assets_resources_versionshare_baseassets_uiprefabs_mainui_home_effect_materials_home_effect_m1

https://patch-ct-labs.ecchi.xxx/patch/files/assets_resources_versionshare_baseassets_uiprefabs_mainui_mirror_mirror_effect_textures_mirror_effect_t2.28932c273d18ccda675ff48cc6434b43
D:\Games\GameUnpackAssets\mymodel\DevRes\樱境物语_资源下载器\Asset\assets_resources_versionshare_baseassets_uiprefabs_mainui_mirror_mirror_effect_textures_mirror_effect_t2

https://patch-ct-labs.ecchi.xxx/patch/files/assets_resources_versionshare_baseassets_uiprefabs_mainui_mirror_mirror_effect_materials_mirror_effect_m12.f67130d104d941eb6f2678dc8b87afab
D:\Games\GameUnpackAssets\mymodel\DevRes\樱境物语_资源下载器\Asset\assets_resources_versionshare_baseassets_uiprefabs_mainui_mirror_mirror_effect_materials_mirror_effect_m12

https://patch-ct-labs.ecchi.xxx/patch/files/assets_resources_versionshare_baseassets_uiprefabs_mainui_mirror_mirror_effect_materials_mirror_effect_m7.753798cef5f1872716c45dca21487511
D:\Games\GameUnpackAssets\mymodel\DevRes\樱境物语_资源下载器\Asset\assets_resources_versionshare_baseassets_uiprefabs_mainui_mirror_mirror_effect_materials_mirror_effect_m7

https://patch-ct-labs.ecchi.xxx/patch/files/assets_resources_versionshare_baseassets_uiprefabs_simpleprefab_img_prefabs_vip_vip_17_icon.db481cf999431f136f470d7322b892a4
D:\Games\GameUnpackAssets\mymodel\DevRes\樱境物语_资源下载器\Asset\assets_resources_versionshare_baseassets_uiprefabs_simpleprefab_img_prefabs_vip_vip_17_icon

https://patch-ct-labs.ecchi.xxx/patch/files/assets_resources_versionshare_baseassets_uiprefabs_mainui_home_effect_materials_home_effect_m6.160ce69efe317ffe605c73278ae59737
D:\Games\GameUnpackAssets\mymodel\DevRes\樱境物语_资源下载器\Asset\assets_resources_versionshare_baseassets_uiprefabs_mainui_home_effect_materials_home_effect_m6

https://patch-ct-labs.ecchi.xxx/patch/files/assets_resources_versionshare_baseassets_uiprefabs_simpleprefab_img_prefabs_img_cg_ct02_01_cgroot.94c472cd12a4e70387de54c73a371d9b
D:\Games\GameUnpackAssets\mymodel\DevRes\樱境物语_资源下载器\Asset\assets_resources_versionshare_baseassets_uiprefabs_simpleprefab_img_prefabs_img_cg_ct02_01_cgroot

https://patch-ct-labs.ecchi.xxx/patch/files/assets_resources_versionshare_baseassets_uiprefabs_mainui_home_effect_materials_home_effect_m4.beb2d94e39ad59e7c9c490994208c086
D:\Games\GameUnpackAssets\mymodel\DevRes\樱境物语_资源下载器\Asset\assets_resources_versionshare_baseassets_uiprefabs_mainui_home_effect_materials_home_effect_m4

https://patch-ct-labs.ecchi.xxx/patch/files/assets_resources_versionshare_baseassets_uiprefabs_simpleprefab_img_prefabs_vip_vip_18_icon.624a19e286715e0fb27a81464a5634a8
D:\Games\GameUnpackAssets\mymodel\DevRes\樱境物语_资源下载器\Asset\assets_resources_versionshare_baseassets_uiprefabs_simpleprefab_img_prefabs_vip_vip_18_icon

https://patch-ct-labs.ecchi.xxx/patch/files/assets_resources_versionshare_baseassets_uiprefabs_simpleprefab_img_prefabs_img_cg_ct28_01_cgroot.de2c40727a6795f2f7d36910bb31b129
D:\Games\GameUnpackAssets\mymodel\DevRes\樱境物语_资源下载器\Asset\assets_resources_versionshare_baseassets_uiprefabs_simpleprefab_img_prefabs_img_cg_ct28_01_cgroot

https://patch-ct-labs.ecchi.xxx/patch/files/assets_resources_versionshare_baseassets_uiprefabs_mainui_mirror_mirror_effect_materials_mirror_effect_m4.f6479f50e5b256ae811839a277b78845
D:\Games\GameUnpackAssets\mymodel\DevRes\樱境物语_资源下载器\Asset\assets_resources_versionshare_baseassets_uiprefabs_mainui_mirror_mirror_effect_materials_mirror_effect_m4

https://patch-ct-labs.ecchi.xxx/patch/files/assets_resources_versionshare_baseassets_uiprefabs_simpleprefab_img_prefabs_vip_vip_16_icon.3d3fe4b7d8d76cd9bc5ade14a2be1364
D:\Games\GameUnpackAssets\mymodel\DevRes\樱境物语_资源下载器\Asset\assets_resources_versionshare_baseassets_uiprefabs_simpleprefab_img_prefabs_vip_vip_16_icon

https://patch-ct-labs.ecchi.xxx/patch/files/assets_resources_honly_baseassets_uiprefabs_simpleprefab_img_mammon_ruins_mammon_ruins_w125.7b65c749519171742508cf78c9341c19
D:\Games\GameUnpackAssets\mymodel\DevRes\樱境物语_资源下载器\Asset\assets_resources_honly_baseassets_uiprefabs_simpleprefab_img_mammon_ruins_mammon_ruins_w125

https://patch-ct-labs.ecchi.xxx/patch/files/assets_resources_honly_language_prefab_zhtw_simpleprefab_img_starpuzzle_title_startitle_bastion.f162f702c93009f3000a2cf2a96945e9
D:\Games\GameUnpackAssets\mymodel\DevRes\樱境物语_资源下载器\Asset\assets_resources_honly_language_prefab_zhtw_simpleprefab_img_starpuzzle_title_startitle_bastion

https://patch-ct-labs.ecchi.xxx/patch/files/assets_resources_versionshare_baseassets_uiprefabs_simpleprefab_img_prefabs_img_cg_ct057_cgroot.8b0ba96bc05b39a55611537c601de468
D:\Games\GameUnpackAssets\mymodel\DevRes\樱境物语_资源下载器\Asset\assets_resources_versionshare_baseassets_uiprefabs_simpleprefab_img_prefabs_img_cg_ct057_cgroot

https://patch-ct-labs.ecchi.xxx/patch/files/assets_resources_versionshare_baseassets_uiprefabs_simpleprefab_img_prefabs_img_cg_ct021_cgroot.65a9068cca45ae4869a221ab31937bcd
D:\Games\GameUnpackAssets\mymodel\DevRes\樱境物语_资源下载器\Asset\assets_resources_versionshare_baseassets_uiprefabs_simpleprefab_img_prefabs_img_cg_ct021_cgroot

https://patch-ct-labs.ecchi.xxx/patch/files/assets_resources_honly_baseassets_uiprefabs_simpleprefab_img_mammon_ruins_mammon_ruins_w64.7122b83690f900779e254197dd183a54
D:\Games\GameUnpackAssets\mymodel\DevRes\樱境物语_资源下载器\Asset\assets_resources_honly_baseassets_uiprefabs_simpleprefab_img_mammon_ruins_mammon_ruins_w64

https://patch-ct-labs.ecchi.xxx/patch/files/assets_resources_versionshare_baseassets_uiprefabs_mainui_gift_new_step_fire_premium.f5ce1a19bda924b7c4fb63a9c8a5b9a3
D:\Games\GameUnpackAssets\mymodel\DevRes\樱境物语_资源下载器\Asset\assets_resources_versionshare_baseassets_uiprefabs_mainui_gift_new_step_fire_premium

https://patch-ct-labs.ecchi.xxx/patch/files/assets_resources_honly_baseassets_sound_voice_c007_03_vic_c007_03_030.5b24add8f006c82671095dde2b881d6a
D:\Games\GameUnpackAssets\mymodel\DevRes\樱境物语_资源下载器\Asset\assets_resources_honly_baseassets_sound_voice_c007_03_vic_c007_03_030

https://patch-ct-labs.ecchi.xxx/patch/files/assets_resources_versionshare_baseassets_uiprefabs_simpleprefab_img_prefabs_img_cg_ct064_cgroot.193098bbe8d5b88248cc9fc32c9cd4bb
D:\Games\GameUnpackAssets\mymodel\DevRes\樱境物语_资源下载器\Asset\assets_resources_versionshare_baseassets_uiprefabs_simpleprefab_img_prefabs_img_cg_ct064_cgroot

https://patch-ct-labs.ecchi.xxx/patch/files/assets_resources_versionshare_baseassets_uiprefabs_simpleprefab_img_prefabs_img_cg_ct058_cgroot.4253924ec3e7d41f4daab37d7dbed0ea
D:\Games\GameUnpackAssets\mymodel\DevRes\樱境物语_资源下载器\Asset\assets_resources_versionshare_baseassets_uiprefabs_simpleprefab_img_prefabs_img_cg_ct058_cgroot

https://patch-ct-labs.ecchi.xxx/patch/files/assets_resources_versionshare_baseassets_uiprefabs_simpleprefab_img_prefabs_img_cg_ct036_cgroot.27bc34c5fcb3f2e34b0f89e5f30fd367
D:\Games\GameUnpackAssets\mymodel\DevRes\樱境物语_资源下载器\Asset\assets_resources_versionshare_baseassets_uiprefabs_simpleprefab_img_prefabs_img_cg_ct036_cgroot

https://patch-ct-labs.ecchi.xxx/patch/files/assets_resources_honly_baseassets_uiprefabs_simpleprefab_img_mammon_ruins_mammon_ruins_w113.144b5f79c46f2729a4724e2cca967d37
D:\Games\GameUnpackAssets\mymodel\DevRes\樱境物语_资源下载器\Asset\assets_resources_honly_baseassets_uiprefabs_simpleprefab_img_mammon_ruins_mammon_ruins_w113

https://patch-ct-labs.ecchi.xxx/patch/files/assets_resources_honly_language_prefab_zhtw_simpleprefab_img_mirror_title_mirrortitle_silk.0e0aa12a8701585e1fde7693f6cf03f1
D:\Games\GameUnpackAssets\mymodel\DevRes\樱境物语_资源下载器\Asset\assets_resources_honly_language_prefab_zhtw_simpleprefab_img_mirror_title_mirrortitle_silk

https://patch-ct-labs.ecchi.xxx/patch/files/assets_resources_honly_language_prefab_zhcn_simpleprefab_img_starpuzzle_title_startitle_vanguard.4effb947adfda6d40661ab424e7f6054
D:\Games\GameUnpackAssets\mymodel\DevRes\樱境物语_资源下载器\Asset\assets_resources_honly_language_prefab_zhcn_simpleprefab_img_starpuzzle_title_startitle_vanguard

https://patch-ct-labs.ecchi.xxx/patch/files/assets_resources_versionshare_baseassets_uiprefabs_simpleprefab_img_prefabs_img_cg_ct019_cgroot.3b6f5b530948c83e3d2c76babcc885ca
D:\Games\GameUnpackAssets\mymodel\DevRes\樱境物语_资源下载器\Asset\assets_resources_versionshare_baseassets_uiprefabs_simpleprefab_img_prefabs_img_cg_ct019_cgroot

https://patch-ct-labs.ecchi.xxx/patch/files/assets_resources_versionshare_baseassets_uiprefabs_simpleprefab_img_prefabs_img_cg_ct013_cgroot.f606e57634a7e6b6b744b8d0c7f924a9
D:\Games\GameUnpackAssets\mymodel\DevRes\樱境物语_资源下载器\Asset\assets_resources_versionshare_baseassets_uiprefabs_simpleprefab_img_prefabs_img_cg_ct013_cgroot

https://patch-ct-labs.ecchi.xxx/patch/files/assets_resources_versionshare_baseassets_sound_se_hook_hook_flop.14382a351fce211d3fba12ad895e673f
D:\Games\GameUnpackAssets\mymodel\DevRes\樱境物语_资源下载器\Asset\assets_resources_versionshare_baseassets_sound_se_hook_hook_flop

https://patch-ct-labs.ecchi.xxx/patch/files/assets_resources_versionshare_baseassets_uiprefabs_simpleprefab_img_prefabs_img_cg_ct033_cgroot.1e4694f8ac2f9bc5a824eb3e86dd8f2a
D:\Games\GameUnpackAssets\mymodel\DevRes\樱境物语_资源下载器\Asset\assets_resources_versionshare_baseassets_uiprefabs_simpleprefab_img_prefabs_img_cg_ct033_cgroot

https://patch-ct-labs.ecchi.xxx/patch/files/assets_resources_honly_baseassets_uiprefabs_simpleprefab_img_mammon_ruins_mammon_ruins_w93.364835aff6352bd0fcae905c646f299b
D:\Games\GameUnpackAssets\mymodel\DevRes\樱境物语_资源下载器\Asset\assets_resources_honly_baseassets_uiprefabs_simpleprefab_img_mammon_ruins_mammon_ruins_w93

https://patch-ct-labs.ecchi.xxx/patch/files/assets_resources_versionshare_baseassets_battlescenes_s015_s015_01_lighting settings.c1086148a8702cb49163723d3e664ed4
D:\Games\GameUnpackAssets\mymodel\DevRes\樱境物语_资源下载器\Asset\assets_resources_versionshare_baseassets_battlescenes_s015_s015_01_lighting settings

https://patch-ct-labs.ecchi.xxx/patch/files/assets_resources_versionshare_baseassets_uiprefabs_simpleprefab_img_prefabs_img_cg_ct068_cgroot.2ddff93846f8f141e78ed8473182d624
D:\Games\GameUnpackAssets\mymodel\DevRes\樱境物语_资源下载器\Asset\assets_resources_versionshare_baseassets_uiprefabs_simpleprefab_img_prefabs_img_cg_ct068_cgroot

https://patch-ct-labs.ecchi.xxx/patch/files/assets_resources_honly_baseassets_uiprefabs_simpleprefab_img_mammon_ruins_mammon_ruins_w81.37f7bb5fdc4f03405375b6e1261d7ad5
D:\Games\GameUnpackAssets\mymodel\DevRes\樱境物语_资源下载器\Asset\assets_resources_honly_baseassets_uiprefabs_simpleprefab_img_mammon_ruins_mammon_ruins_w81

https://patch-ct-labs.ecchi.xxx/patch/files/assets_resources_versionshare_baseassets_uiprefabs_simpleprefab_img_prefabs_img_cg_ct032_cgroot.397031471d04cae16049610c927e3a31
D:\Games\GameUnpackAssets\mymodel\DevRes\樱境物语_资源下载器\Asset\assets_resources_versionshare_baseassets_uiprefabs_simpleprefab_img_prefabs_img_cg_ct032_cgroot

https://patch-ct-labs.ecchi.xxx/patch/files/assets_resources_versionshare_baseassets_uiprefabs_simpleprefab_img_prefabs_img_cg_ct039_cgroot.6e00e22f1b162b44dd679ef5c477c299
D:\Games\GameUnpackAssets\mymodel\DevRes\樱境物语_资源下载器\Asset\assets_resources_versionshare_baseassets_uiprefabs_simpleprefab_img_prefabs_img_cg_ct039_cgroot

https://patch-ct-labs.ecchi.xxx/patch/files/assets_resources_versionshare_baseassets_uiprefabs_simpleprefab_img_prefabs_img_cg_ct054_cgroot.c8de0664652fd8c7513a2fe89fa1910b
D:\Games\GameUnpackAssets\mymodel\DevRes\樱境物语_资源下载器\Asset\assets_resources_versionshare_baseassets_uiprefabs_simpleprefab_img_prefabs_img_cg_ct054_cgroot

https://patch-ct-labs.ecchi.xxx/patch/files/assets_resources_honly_language_prefab_jajp_simpleprefab_img_starpuzzle_title_startitle_vanguard.ba7c04ace24760e168cf6c9c23bc81da
D:\Games\GameUnpackAssets\mymodel\DevRes\樱境物语_资源下载器\Asset\assets_resources_honly_language_prefab_jajp_simpleprefab_img_starpuzzle_title_startitle_vanguard

https://patch-ct-labs.ecchi.xxx/patch/files/assets_resources_versionshare_baseassets_uiprefabs_simpleprefab_img_prefabs_img_cg_ct052_cgroot.162487387802a573edba12773dc74e6f
D:\Games\GameUnpackAssets\mymodel\DevRes\樱境物语_资源下载器\Asset\assets_resources_versionshare_baseassets_uiprefabs_simpleprefab_img_prefabs_img_cg_ct052_cgroot

https://patch-ct-labs.ecchi.xxx/patch/files/assets_resources_versionshare_baseassets_uiprefabs_simpleprefab_img_prefabs_img_cg_ct062_cgroot.8dbcf8ce3b3337c6d4c8a2c4d257cf28
D:\Games\GameUnpackAssets\mymodel\DevRes\樱境物语_资源下载器\Asset\assets_resources_versionshare_baseassets_uiprefabs_simpleprefab_img_prefabs_img_cg_ct062_cgroot

https://patch-ct-labs.ecchi.xxx/patch/files/assets_resources_versionshare_baseassets_uiprefabs_simpleprefab_img_prefabs_img_cg_ct007_cgroot.10104ae9af17d950227584e8a46b0c21
D:\Games\GameUnpackAssets\mymodel\DevRes\樱境物语_资源下载器\Asset\assets_resources_versionshare_baseassets_uiprefabs_simpleprefab_img_prefabs_img_cg_ct007_cgroot

https://patch-ct-labs.ecchi.xxx/patch/files/assets_resources_honly_baseassets_sound_voice_c007_03_vic_c007_03_029.7076d4c71728d30bdd056cd4cc829fdc
D:\Games\GameUnpackAssets\mymodel\DevRes\樱境物语_资源下载器\Asset\assets_resources_honly_baseassets_sound_voice_c007_03_vic_c007_03_029

https://patch-ct-labs.ecchi.xxx/patch/files/assets_resources_versionshare_baseassets_uiprefabs_mainui_gift_new_step_dark_premium.af5075cb64600800b4ca0a8bc36fd3da
D:\Games\GameUnpackAssets\mymodel\DevRes\樱境物语_资源下载器\Asset\assets_resources_versionshare_baseassets_uiprefabs_mainui_gift_new_step_dark_premium

https://patch-ct-labs.ecchi.xxx/patch/files/assets_resources_versionshare_baseassets_uiprefabs_simpleprefab_img_prefabs_img_cg_ct015_cgroot.136eff6eba9387ec671986a5e1f44a42
D:\Games\GameUnpackAssets\mymodel\DevRes\樱境物语_资源下载器\Asset\assets_resources_versionshare_baseassets_uiprefabs_simpleprefab_img_prefabs_img_cg_ct015_cgroot

https://patch-ct-labs.ecchi.xxx/patch/files/assets_resources_honly_language_prefab_kokr_simpleprefab_img_mirror_title_mirrortitle_silk.bafc3536c0da869dff76308df3c4bcc7
D:\Games\GameUnpackAssets\mymodel\DevRes\樱境物语_资源下载器\Asset\assets_resources_honly_language_prefab_kokr_simpleprefab_img_mirror_title_mirrortitle_silk

https://patch-ct-labs.ecchi.xxx/patch/files/assets_resources_honly_language_prefab_enus_simpleprefab_img_starpuzzle_title_startitle_marksman.d91521e6a45193547d496683ec6c2fac
D:\Games\GameUnpackAssets\mymodel\DevRes\樱境物语_资源下载器\Asset\assets_resources_honly_language_prefab_enus_simpleprefab_img_starpuzzle_title_startitle_marksman

https://patch-ct-labs.ecchi.xxx/patch/files/assets_resources_versionshare_baseassets_uiprefabs_simpleprefab_img_prefabs_img_cg_ct051_cgroot.b1f6dcf01145dcb50c2ecadd194762c3
D:\Games\GameUnpackAssets\mymodel\DevRes\樱境物语_资源下载器\Asset\assets_resources_versionshare_baseassets_uiprefabs_simpleprefab_img_prefabs_img_cg_ct051_cgroot

https://patch-ct-labs.ecchi.xxx/patch/files/assets_resources_versionshare_baseassets_uiprefabs_mainui_gift_new_step_wind_normal.e59e274c100bff535547ab12125b4e35
D:\Games\GameUnpackAssets\mymodel\DevRes\樱境物语_资源下载器\Asset\assets_resources_versionshare_baseassets_uiprefabs_mainui_gift_new_step_wind_normal

https://patch-ct-labs.ecchi.xxx/patch/files/assets_resources_versionshare_baseassets_uiprefabs_simpleprefab_img_prefabs_img_cg_ct018_cgroot.e86bdfd70895d793c06a65f4195d8d52
D:\Games\GameUnpackAssets\mymodel\DevRes\樱境物语_资源下载器\Asset\assets_resources_versionshare_baseassets_uiprefabs_simpleprefab_img_prefabs_img_cg_ct018_cgroot

https://patch-ct-labs.ecchi.xxx/patch/files/assets_resources_honly_language_prefab_zhtw_simpleprefab_img_starpuzzle_title_startitle_marksman.298efe354bdd8040420c90afc4433765
D:\Games\GameUnpackAssets\mymodel\DevRes\樱境物语_资源下载器\Asset\assets_resources_honly_language_prefab_zhtw_simpleprefab_img_starpuzzle_title_startitle_marksman

https://patch-ct-labs.ecchi.xxx/patch/files/assets_resources_versionshare_baseassets_uiprefabs_simpleprefab_img_prefabs_img_cg_ct049_cgroot.74009192e01a3e51171aab8c32b3e289
D:\Games\GameUnpackAssets\mymodel\DevRes\樱境物语_资源下载器\Asset\assets_resources_versionshare_baseassets_uiprefabs_simpleprefab_img_prefabs_img_cg_ct049_cgroot

https://patch-ct-labs.ecchi.xxx/patch/files/assets_resources_versionshare_baseassets_uiprefabs_simpleprefab_img_prefabs_img_cg_ct005_cgroot.7eb59fba08e8f6839c8d2ac13aeeb61c
D:\Games\GameUnpackAssets\mymodel\DevRes\樱境物语_资源下载器\Asset\assets_resources_versionshare_baseassets_uiprefabs_simpleprefab_img_prefabs_img_cg_ct005_cgroot

https://patch-ct-labs.ecchi.xxx/patch/files/assets_resources_versionshare_baseassets_uiprefabs_simpleprefab_img_prefabs_img_cg_ct034_cgroot.bb0908ac5c3ae48a07dd18a3899a500f
D:\Games\GameUnpackAssets\mymodel\DevRes\樱境物语_资源下载器\Asset\assets_resources_versionshare_baseassets_uiprefabs_simpleprefab_img_prefabs_img_cg_ct034_cgroot

https://patch-ct-labs.ecchi.xxx/patch/files/assets_resources_versionshare_baseassets_uiprefabs_simpleprefab_img_prefabs_img_cg_ct004_cgroot.bdd2e290cefdac9f85a06d95d7b57994
D:\Games\GameUnpackAssets\mymodel\DevRes\樱境物语_资源下载器\Asset\assets_resources_versionshare_baseassets_uiprefabs_simpleprefab_img_prefabs_img_cg_ct004_cgroot

https://patch-ct-labs.ecchi.xxx/patch/files/assets_resources_versionshare_baseassets_uiprefabs_simpleprefab_img_prefabs_img_cg_ct060_cgroot.76f305bcf017cbe2158c536acb0d5477
D:\Games\GameUnpackAssets\mymodel\DevRes\樱境物语_资源下载器\Asset\assets_resources_versionshare_baseassets_uiprefabs_simpleprefab_img_prefabs_img_cg_ct060_cgroot

https://patch-ct-labs.ecchi.xxx/patch/files/assets_resources_versionshare_baseassets_uiprefabs_mainui_gift_new_step_earth_premium.3e0d9610c1c176b8ad6740349718f0ac
D:\Games\GameUnpackAssets\mymodel\DevRes\樱境物语_资源下载器\Asset\assets_resources_versionshare_baseassets_uiprefabs_mainui_gift_new_step_earth_premium

https://patch-ct-labs.ecchi.xxx/patch/files/assets_resources_honly_baseassets_sound_voice_c007_03_vic_c007_03_028.43851db440b218793279d5df444fc8f3
D:\Games\GameUnpackAssets\mymodel\DevRes\樱境物语_资源下载器\Asset\assets_resources_honly_baseassets_sound_voice_c007_03_vic_c007_03_028

https://patch-ct-labs.ecchi.xxx/patch/files/assets_resources_honly_language_prefab_kokr_simpleprefab_img_starpuzzle_title_startitle_vanguard.a567472f701bd1eabf5947802730011d
D:\Games\GameUnpackAssets\mymodel\DevRes\樱境物语_资源下载器\Asset\assets_resources_honly_language_prefab_kokr_simpleprefab_img_starpuzzle_title_startitle_vanguard

https://patch-ct-labs.ecchi.xxx/patch/files/assets_resources_versionshare_baseassets_uiprefabs_simpleprefab_img_prefabs_img_cg_ct017_cgroot.f8aedf52be70b120a759a5a6ef929dd5
D:\Games\GameUnpackAssets\mymodel\DevRes\樱境物语_资源下载器\Asset\assets_resources_versionshare_baseassets_uiprefabs_simpleprefab_img_prefabs_img_cg_ct017_cgroot

https://patch-ct-labs.ecchi.xxx/patch/files/assets_resources_honly_language_prefab_jajp_simpleprefab_img_mirror_title_mirrortitle_music.4fa11446aefd910c21e62c4091cb928f
D:\Games\GameUnpackAssets\mymodel\DevRes\樱境物语_资源下载器\Asset\assets_resources_honly_language_prefab_jajp_simpleprefab_img_mirror_title_mirrortitle_music

https://patch-ct-labs.ecchi.xxx/patch/files/assets_resources_versionshare_baseassets_uiprefabs_simpleprefab_img_prefabs_img_cg_ct023_cgroot.28cd766d08f1ae268cfbe637d084fb0e
D:\Games\GameUnpackAssets\mymodel\DevRes\樱境物语_资源下载器\Asset\assets_resources_versionshare_baseassets_uiprefabs_simpleprefab_img_prefabs_img_cg_ct023_cgroot

https://patch-ct-labs.ecchi.xxx/patch/files/assets_resources_honly_language_prefab_kokr_simpleprefab_img_starpuzzle_title_startitle_artillery.155c0e66494806167565af64da06d18f
D:\Games\GameUnpackAssets\mymodel\DevRes\樱境物语_资源下载器\Asset\assets_resources_honly_language_prefab_kokr_simpleprefab_img_starpuzzle_title_startitle_artillery

https://patch-ct-labs.ecchi.xxx/patch/files/assets_resources_honly_baseassets_uiprefabs_simpleprefab_img_mammon_ruins_mammon_ruins_w129.3fbc13bc44c502eb1d01d0efda28328c
D:\Games\GameUnpackAssets\mymodel\DevRes\樱境物语_资源下载器\Asset\assets_resources_honly_baseassets_uiprefabs_simpleprefab_img_mammon_ruins_mammon_ruins_w129

https://patch-ct-labs.ecchi.xxx/patch/files/assets_resources_versionshare_baseassets_uiprefabs_simpleprefab_img_prefabs_img_cg_ct053_cgroot.94f1759ded5d9aa457e3b1b511ac43d5
D:\Games\GameUnpackAssets\mymodel\DevRes\樱境物语_资源下载器\Asset\assets_resources_versionshare_baseassets_uiprefabs_simpleprefab_img_prefabs_img_cg_ct053_cgroot

https://patch-ct-labs.ecchi.xxx/patch/files/assets_resources_honly_baseassets_uiprefabs_simpleprefab_img_mammon_ruins_mammon_ruins_w59.7a5157683552946591dc46077f2262a8
D:\Games\GameUnpackAssets\mymodel\DevRes\樱境物语_资源下载器\Asset\assets_resources_honly_baseassets_uiprefabs_simpleprefab_img_mammon_ruins_mammon_ruins_w59

https://patch-ct-labs.ecchi.xxx/patch/files/assets_resources_versionshare_baseassets_uiprefabs_mainui_gift_new_step_earth_normal.8562bb969f7500ecc9395baf783adefa
D:\Games\GameUnpackAssets\mymodel\DevRes\樱境物语_资源下载器\Asset\assets_resources_versionshare_baseassets_uiprefabs_mainui_gift_new_step_earth_normal

https://patch-ct-labs.ecchi.xxx/patch/files/assets_resources_versionshare_baseassets_uiprefabs_simpleprefab_img_prefabs_img_cg_a010_01_cgroot.93f7e6df98cd339e57a06d8e1d50ba35
D:\Games\GameUnpackAssets\mymodel\DevRes\樱境物语_资源下载器\Asset\assets_resources_versionshare_baseassets_uiprefabs_simpleprefab_img_prefabs_img_cg_a010_01_cgroot

https://patch-ct-labs.ecchi.xxx/patch/files/assets_resources_honly_baseassets_uiprefabs_simpleprefab_img_mammon_ruins_mammon_ruins_w117.69144f9a58e5679119cc00e784c6ca5c
D:\Games\GameUnpackAssets\mymodel\DevRes\樱境物语_资源下载器\Asset\assets_resources_honly_baseassets_uiprefabs_simpleprefab_img_mammon_ruins_mammon_ruins_w117

https://patch-ct-labs.ecchi.xxx/patch/files/assets_resources_versionshare_baseassets_uiprefabs_simpleprefab_img_prefabs_img_cg_ct048_cgroot.6a96f3efaefe2f5c7a78f496d079db67
D:\Games\GameUnpackAssets\mymodel\DevRes\樱境物语_资源下载器\Asset\assets_resources_versionshare_baseassets_uiprefabs_simpleprefab_img_prefabs_img_cg_ct048_cgroot

https://patch-ct-labs.ecchi.xxx/patch/files/assets_resources_versionshare_baseassets_uiprefabs_simpleprefab_img_prefabs_img_cg_ct043_cgroot.42ee0c12e89742df757672ed833a5d55
D:\Games\GameUnpackAssets\mymodel\DevRes\樱境物语_资源下载器\Asset\assets_resources_versionshare_baseassets_uiprefabs_simpleprefab_img_prefabs_img_cg_ct043_cgroot

https://patch-ct-labs.ecchi.xxx/patch/files/assets_resources_versionshare_baseassets_uiprefabs_mainui_gift_new_step_water_normal.a44b238283c4ae7ecbda3318364ac66c
D:\Games\GameUnpackAssets\mymodel\DevRes\樱境物语_资源下载器\Asset\assets_resources_versionshare_baseassets_uiprefabs_mainui_gift_new_step_water_normal

https://patch-ct-labs.ecchi.xxx/patch/files/assets_resources_versionshare_baseassets_uiprefabs_mainui_gift_new_step_light_normal.e1ec0a16a24983ea02679ce5d0cbc72f
D:\Games\GameUnpackAssets\mymodel\DevRes\樱境物语_资源下载器\Asset\assets_resources_versionshare_baseassets_uiprefabs_mainui_gift_new_step_light_normal

https://patch-ct-labs.ecchi.xxx/patch/files/assets_resources_honly_baseassets_uiprefabs_simpleprefab_img_mammon_ruins_mammon_ruins_w68.9136d0ce489487a891c7afa28f4a98a9
D:\Games\GameUnpackAssets\mymodel\DevRes\樱境物语_资源下载器\Asset\assets_resources_honly_baseassets_uiprefabs_simpleprefab_img_mammon_ruins_mammon_ruins_w68

https://patch-ct-labs.ecchi.xxx/patch/files/assets_resources_honly_language_prefab_zhcn_simpleprefab_img_starpuzzle_title_startitle_support.3d7e11cbb618e8d3700e116a9f96cd98
D:\Games\GameUnpackAssets\mymodel\DevRes\樱境物语_资源下载器\Asset\assets_resources_honly_language_prefab_zhcn_simpleprefab_img_starpuzzle_title_startitle_support

https://patch-ct-labs.ecchi.xxx/patch/files/assets_resources_versionshare_baseassets_uiprefabs_simpleprefab_img_prefabs_img_cg_ct047_cgroot.a5faaccf0ff6e1dfc154e25f71bcaa1b
D:\Games\GameUnpackAssets\mymodel\DevRes\樱境物语_资源下载器\Asset\assets_resources_versionshare_baseassets_uiprefabs_simpleprefab_img_prefabs_img_cg_ct047_cgroot

https://patch-ct-labs.ecchi.xxx/patch/files/assets_resources_honly_language_prefab_zhcn_simpleprefab_img_starpuzzle_title_startitle_bastion.776573226616af7dc32053218cf6d1ec
D:\Games\GameUnpackAssets\mymodel\DevRes\樱境物语_资源下载器\Asset\assets_resources_honly_language_prefab_zhcn_simpleprefab_img_starpuzzle_title_startitle_bastion

https://patch-ct-labs.ecchi.xxx/patch/files/assets_resources_versionshare_baseassets_uiprefabs_mainui_gift_new_step_water_premium.474bcb925fc1592524da2687e8f58e13
D:\Games\GameUnpackAssets\mymodel\DevRes\樱境物语_资源下载器\Asset\assets_resources_versionshare_baseassets_uiprefabs_mainui_gift_new_step_water_premium

https://patch-ct-labs.ecchi.xxx/patch/files/assets_resources_versionshare_baseassets_uiprefabs_simpleprefab_img_prefabs_img_cg_ct042_cgroot.dc40ece32f21bb6348e57026baf7adbf
D:\Games\GameUnpackAssets\mymodel\DevRes\樱境物语_资源下载器\Asset\assets_resources_versionshare_baseassets_uiprefabs_simpleprefab_img_prefabs_img_cg_ct042_cgroot

https://patch-ct-labs.ecchi.xxx/patch/files/assets_resources_versionshare_baseassets_uiprefabs_simpleprefab_img_prefabs_img_cg_ct024_cgroot.1427cd0d32001531543f860d0cede777
D:\Games\GameUnpackAssets\mymodel\DevRes\樱境物语_资源下载器\Asset\assets_resources_versionshare_baseassets_uiprefabs_simpleprefab_img_prefabs_img_cg_ct024_cgroot

https://patch-ct-labs.ecchi.xxx/patch/files/assets_resources_honly_language_prefab_zhtw_simpleprefab_img_starpuzzle_title_startitle_vanguard.83ec6393394fc57ddf9f41cfe378f336
D:\Games\GameUnpackAssets\mymodel\DevRes\樱境物语_资源下载器\Asset\assets_resources_honly_language_prefab_zhtw_simpleprefab_img_starpuzzle_title_startitle_vanguard

https://patch-ct-labs.ecchi.xxx/patch/files/assets_resources_honly_language_prefab_enus_simpleprefab_img_starpuzzle_title_startitle_bastion.67be915d2e7767926bf968bacc0e2c67
D:\Games\GameUnpackAssets\mymodel\DevRes\樱境物语_资源下载器\Asset\assets_resources_honly_language_prefab_enus_simpleprefab_img_starpuzzle_title_startitle_bastion

https://patch-ct-labs.ecchi.xxx/patch/files/assets_resources_honly_baseassets_uiprefabs_simpleprefab_img_prefabs_img_hero_ct068h_s_icon.4502d7adbb6448d808ee7c19dc4493e5
D:\Games\GameUnpackAssets\mymodel\DevRes\樱境物语_资源下载器\Asset\assets_resources_honly_baseassets_uiprefabs_simpleprefab_img_prefabs_img_hero_ct068h_s_icon

https://patch-ct-labs.ecchi.xxx/patch/files/assets_resources_versionshare_baseassets_uiprefabs_simpleprefab_img_prefabs_img_cg_ct059_cgroot.9203bd803ca15800d56d156ba4f42a49
D:\Games\GameUnpackAssets\mymodel\DevRes\樱境物语_资源下载器\Asset\assets_resources_versionshare_baseassets_uiprefabs_simpleprefab_img_prefabs_img_cg_ct059_cgroot

https://patch-ct-labs.ecchi.xxx/patch/files/assets_resources_versionshare_baseassets_uiprefabs_simpleprefab_img_prefabs_img_cg_ct045_cgroot.c9b7e81f42e12d2f6810be3f4be9f55d
D:\Games\GameUnpackAssets\mymodel\DevRes\樱境物语_资源下载器\Asset\assets_resources_versionshare_baseassets_uiprefabs_simpleprefab_img_prefabs_img_cg_ct045_cgroot

https://patch-ct-labs.ecchi.xxx/patch/files/assets_resources_versionshare_baseassets_uiprefabs_simpleprefab_img_prefabs_img_cg_ct020_cgroot.5df0969a1fa77ca45043b6416072e561
D:\Games\GameUnpackAssets\mymodel\DevRes\樱境物语_资源下载器\Asset\assets_resources_versionshare_baseassets_uiprefabs_simpleprefab_img_prefabs_img_cg_ct020_cgroot

https://patch-ct-labs.ecchi.xxx/patch/files/assets_resources_versionshare_baseassets_uiprefabs_simpleprefab_img_prefabs_img_cg_ct044_cgroot.985bfcb1335f35b82cb8cde3fdd98a8b
D:\Games\GameUnpackAssets\mymodel\DevRes\樱境物语_资源下载器\Asset\assets_resources_versionshare_baseassets_uiprefabs_simpleprefab_img_prefabs_img_cg_ct044_cgroot

https://patch-ct-labs.ecchi.xxx/patch/files/assets_resources_honly_baseassets_uiprefabs_simpleprefab_img_mammon_ruins_mammon_ruins_w76.e939071d0ac224a608d5290003d824b4
D:\Games\GameUnpackAssets\mymodel\DevRes\樱境物语_资源下载器\Asset\assets_resources_honly_baseassets_uiprefabs_simpleprefab_img_mammon_ruins_mammon_ruins_w76

https://patch-ct-labs.ecchi.xxx/patch/files/assets_resources_honly_baseassets_uiprefabs_simpleprefab_img_mammon_ruins_mammon_ruins_w121.7434f97bd7f6889531369e0c466765ae
D:\Games\GameUnpackAssets\mymodel\DevRes\樱境物语_资源下载器\Asset\assets_resources_honly_baseassets_uiprefabs_simpleprefab_img_mammon_ruins_mammon_ruins_w121

https://patch-ct-labs.ecchi.xxx/patch/files/assets_resources_honly_language_prefab_zhcn_simpleprefab_img_mirror_title_mirrortitle_music.a773859fc44540ee4d359e587404e24f
D:\Games\GameUnpackAssets\mymodel\DevRes\樱境物语_资源下载器\Asset\assets_resources_honly_language_prefab_zhcn_simpleprefab_img_mirror_title_mirrortitle_music

https://patch-ct-labs.ecchi.xxx/patch/files/assets_resources_versionshare_baseassets_uiprefabs_simpleprefab_img_prefabs_img_cg_ct016_cgroot.b2f393f556be0ffc6117acc77e59b2c0
D:\Games\GameUnpackAssets\mymodel\DevRes\樱境物语_资源下载器\Asset\assets_resources_versionshare_baseassets_uiprefabs_simpleprefab_img_prefabs_img_cg_ct016_cgroot

https://patch-ct-labs.ecchi.xxx/patch/files/assets_resources_versionshare_baseassets_uiprefabs_simpleprefab_img_prefabs_img_cg_ct029_cgroot.811258361c459a685f99a3f4c92540e7
D:\Games\GameUnpackAssets\mymodel\DevRes\樱境物语_资源下载器\Asset\assets_resources_versionshare_baseassets_uiprefabs_simpleprefab_img_prefabs_img_cg_ct029_cgroot

https://patch-ct-labs.ecchi.xxx/patch/files/assets_resources_versionshare_baseassets_uiprefabs_simpleprefab_img_prefabs_img_cg_ct010_cgroot.f6b6e40e432f12f2db9da7a56d8228a4
D:\Games\GameUnpackAssets\mymodel\DevRes\樱境物语_资源下载器\Asset\assets_resources_versionshare_baseassets_uiprefabs_simpleprefab_img_prefabs_img_cg_ct010_cgroot

https://patch-ct-labs.ecchi.xxx/patch/files/assets_resources_honly_language_prefab_enus_simpleprefab_img_mirror_title_mirrortitle_music.ff9fe365355304182cd0cb8c8374c0c9
D:\Games\GameUnpackAssets\mymodel\DevRes\樱境物语_资源下载器\Asset\assets_resources_honly_language_prefab_enus_simpleprefab_img_mirror_title_mirrortitle_music

https://patch-ct-labs.ecchi.xxx/patch/files/assets_resources_honly_language_prefab_zhtw_simpleprefab_img_starpuzzle_title_startitle_artillery.1f5ce11c2c7566033053183b3a7e8774
D:\Games\GameUnpackAssets\mymodel\DevRes\樱境物语_资源下载器\Asset\assets_resources_honly_language_prefab_zhtw_simpleprefab_img_starpuzzle_title_startitle_artillery

https://patch-ct-labs.ecchi.xxx/patch/files/assets_resources_honly_language_prefab_enus_simpleprefab_img_starpuzzle_title_startitle_support.bb2270de2415d240574ff5a67d30f3c2
D:\Games\GameUnpackAssets\mymodel\DevRes\樱境物语_资源下载器\Asset\assets_resources_honly_language_prefab_enus_simpleprefab_img_starpuzzle_title_startitle_support

https://patch-ct-labs.ecchi.xxx/patch/files/assets_resources_honly_language_prefab_zhcn_simpleprefab_img_starpuzzle_title_startitle_artillery.4741ff00274eb6bd67ecc367cf396849
D:\Games\GameUnpackAssets\mymodel\DevRes\樱境物语_资源下载器\Asset\assets_resources_honly_language_prefab_zhcn_simpleprefab_img_starpuzzle_title_startitle_artillery

https://patch-ct-labs.ecchi.xxx/patch/files/assets_resources_honly_language_prefab_jajp_simpleprefab_img_starpuzzle_title_startitle_marksman.c587ab9be6b9834375ad494a0900e2eb
D:\Games\GameUnpackAssets\mymodel\DevRes\樱境物语_资源下载器\Asset\assets_resources_honly_language_prefab_jajp_simpleprefab_img_starpuzzle_title_startitle_marksman

https://patch-ct-labs.ecchi.xxx/patch/files/assets_resources_honly_language_prefab_kokr_simpleprefab_img_mirror_title_mirrortitle_music.ff3ef7700aa8e73f8812c51a93430703
D:\Games\GameUnpackAssets\mymodel\DevRes\樱境物语_资源下载器\Asset\assets_resources_honly_language_prefab_kokr_simpleprefab_img_mirror_title_mirrortitle_music

https://patch-ct-labs.ecchi.xxx/patch/files/assets_resources_versionshare_baseassets_battlescenes_s013_01_s013_01_profiles_post-process volume profile_s013.c8a6422741308326e49b546847a21450
D:\Games\GameUnpackAssets\mymodel\DevRes\樱境物语_资源下载器\Asset\assets_resources_versionshare_baseassets_battlescenes_s013_01_s013_01_profiles_post-process volume profile_s013

https://patch-ct-labs.ecchi.xxx/patch/files/assets_resources_versionshare_baseassets_uiprefabs_simpleprefab_img_prefabs_img_cg_ct035_cgroot.13b83b2850c20617eb5c6d9def89c18e
D:\Games\GameUnpackAssets\mymodel\DevRes\樱境物语_资源下载器\Asset\assets_resources_versionshare_baseassets_uiprefabs_simpleprefab_img_prefabs_img_cg_ct035_cgroot

https://patch-ct-labs.ecchi.xxx/patch/files/assets_resources_versionshare_baseassets_uiprefabs_simpleprefab_img_prefabs_img_cg_ct050_cgroot.24486c777480b5d799c790355ee8a0cc
D:\Games\GameUnpackAssets\mymodel\DevRes\樱境物语_资源下载器\Asset\assets_resources_versionshare_baseassets_uiprefabs_simpleprefab_img_prefabs_img_cg_ct050_cgroot

https://patch-ct-labs.ecchi.xxx/patch/files/assets_resources_honly_baseassets_uiprefabs_simpleprefab_img_mammon_ruins_mammon_ruins_w109.f8c3e78286f92e5a1ff267a9768e1679
D:\Games\GameUnpackAssets\mymodel\DevRes\樱境物语_资源下载器\Asset\assets_resources_honly_baseassets_uiprefabs_simpleprefab_img_mammon_ruins_mammon_ruins_w109

https://patch-ct-labs.ecchi.xxx/patch/files/assets_resources_versionshare_baseassets_uiprefabs_simpleprefab_img_prefabs_img_cg_ct022_cgroot.31b4aa358ad7f055e84f2bb3c3c62c69
D:\Games\GameUnpackAssets\mymodel\DevRes\樱境物语_资源下载器\Asset\assets_resources_versionshare_baseassets_uiprefabs_simpleprefab_img_prefabs_img_cg_ct022_cgroot

https://patch-ct-labs.ecchi.xxx/patch/files/assets_resources_versionshare_baseassets_uiprefabs_simpleprefab_img_prefabs_img_cg_ct031_cgroot.3b8c9154178f5c7cc5632dc158a5cfe0
D:\Games\GameUnpackAssets\mymodel\DevRes\樱境物语_资源下载器\Asset\assets_resources_versionshare_baseassets_uiprefabs_simpleprefab_img_prefabs_img_cg_ct031_cgroot

https://patch-ct-labs.ecchi.xxx/patch/files/assets_resources_versionshare_baseassets_uiprefabs_simpleprefab_img_prefabs_img_cg_ct066_cgroot.e606d0f88a2cf689b085ef17f2b32408
D:\Games\GameUnpackAssets\mymodel\DevRes\樱境物语_资源下载器\Asset\assets_resources_versionshare_baseassets_uiprefabs_simpleprefab_img_prefabs_img_cg_ct066_cgroot

https://patch-ct-labs.ecchi.xxx/patch/files/assets_resources_honly_language_prefab_jajp_simpleprefab_img_starpuzzle_title_startitle_support.8a961ad79309bd7770b3dd070d371e44
D:\Games\GameUnpackAssets\mymodel\DevRes\樱境物语_资源下载器\Asset\assets_resources_honly_language_prefab_jajp_simpleprefab_img_starpuzzle_title_startitle_support

https://patch-ct-labs.ecchi.xxx/patch/files/assets_resources_honly_language_prefab_kokr_simpleprefab_img_starpuzzle_title_startitle_marksman.863089c2aa5017de30b0885d4d3e5817
D:\Games\GameUnpackAssets\mymodel\DevRes\樱境物语_资源下载器\Asset\assets_resources_honly_language_prefab_kokr_simpleprefab_img_starpuzzle_title_startitle_marksman

https://patch-ct-labs.ecchi.xxx/patch/files/assets_resources_versionshare_baseassets_uiprefabs_simpleprefab_img_prefabs_img_cg_ct014_cgroot.dd0680c8df971b981f6924aa9e131283
D:\Games\GameUnpackAssets\mymodel\DevRes\樱境物语_资源下载器\Asset\assets_resources_versionshare_baseassets_uiprefabs_simpleprefab_img_prefabs_img_cg_ct014_cgroot

https://patch-ct-labs.ecchi.xxx/patch/files/assets_resources_versionshare_baseassets_battlescenes_s013_01_s013_01_s013_01settings.f42c9bc7370f4da28e256275ff3a6a18
D:\Games\GameUnpackAssets\mymodel\DevRes\樱境物语_资源下载器\Asset\assets_resources_versionshare_baseassets_battlescenes_s013_01_s013_01_s013_01settings

https://patch-ct-labs.ecchi.xxx/patch/files/assets_resources_versionshare_baseassets_uiprefabs_mainui_gift_new_step_common_normal.4c3af46873a46cecf3ef529800f39d89
D:\Games\GameUnpackAssets\mymodel\DevRes\樱境物语_资源下载器\Asset\assets_resources_versionshare_baseassets_uiprefabs_mainui_gift_new_step_common_normal

https://patch-ct-labs.ecchi.xxx/patch/files/assets_resources_versionshare_baseassets_uiprefabs_simpleprefab_img_prefabs_img_cg_ct056_cgroot.c3e12d7a4edd7d2999fc899c84a02a53
D:\Games\GameUnpackAssets\mymodel\DevRes\樱境物语_资源下载器\Asset\assets_resources_versionshare_baseassets_uiprefabs_simpleprefab_img_prefabs_img_cg_ct056_cgroot

https://patch-ct-labs.ecchi.xxx/patch/files/assets_resources_versionshare_baseassets_uiprefabs_simpleprefab_img_prefabs_img_cg_ct008_cgroot.e0e68a33eb4e6d47381160c4bf5b4982
D:\Games\GameUnpackAssets\mymodel\DevRes\樱境物语_资源下载器\Asset\assets_resources_versionshare_baseassets_uiprefabs_simpleprefab_img_prefabs_img_cg_ct008_cgroot

https://patch-ct-labs.ecchi.xxx/patch/files/assets_resources_honly_language_prefab_jajp_simpleprefab_img_mirror_title_mirrortitle_silk.32d372e95764b2b6659680203e52cf57
D:\Games\GameUnpackAssets\mymodel\DevRes\樱境物语_资源下载器\Asset\assets_resources_honly_language_prefab_jajp_simpleprefab_img_mirror_title_mirrortitle_silk

https://patch-ct-labs.ecchi.xxx/patch/files/assets_resources_versionshare_baseassets_uiprefabs_simpleprefab_img_prefabs_img_cg_ct040_cgroot.f57f9bd855754dc430f6003f50e18052
D:\Games\GameUnpackAssets\mymodel\DevRes\樱境物语_资源下载器\Asset\assets_resources_versionshare_baseassets_uiprefabs_simpleprefab_img_prefabs_img_cg_ct040_cgroot

https://patch-ct-labs.ecchi.xxx/patch/files/assets_resources_versionshare_baseassets_uiprefabs_simpleprefab_img_prefabs_img_cg_ct006_cgroot.7096af95d0c522e52ed53337c3177cfb
D:\Games\GameUnpackAssets\mymodel\DevRes\樱境物语_资源下载器\Asset\assets_resources_versionshare_baseassets_uiprefabs_simpleprefab_img_prefabs_img_cg_ct006_cgroot

https://patch-ct-labs.ecchi.xxx/patch/files/assets_resources_honly_language_prefab_zhcn_simpleprefab_img_starpuzzle_title_startitle_marksman.e69c6be9eecf0f1178d8538c08932125
D:\Games\GameUnpackAssets\mymodel\DevRes\樱境物语_资源下载器\Asset\assets_resources_honly_language_prefab_zhcn_simpleprefab_img_starpuzzle_title_startitle_marksman

https://patch-ct-labs.ecchi.xxx/patch/files/assets_resources_versionshare_baseassets_uiprefabs_simpleprefab_img_prefabs_img_cg_ct046_cgroot.2d0e4c70ac84e42e79b57080f7a902d0
D:\Games\GameUnpackAssets\mymodel\DevRes\樱境物语_资源下载器\Asset\assets_resources_versionshare_baseassets_uiprefabs_simpleprefab_img_prefabs_img_cg_ct046_cgroot

https://patch-ct-labs.ecchi.xxx/patch/files/assets_resources_versionshare_baseassets_uiprefabs_simpleprefab_img_prefabs_img_cg_ct038_cgroot.ef568b7b0248e0b7919de78207ff9f5b
D:\Games\GameUnpackAssets\mymodel\DevRes\樱境物语_资源下载器\Asset\assets_resources_versionshare_baseassets_uiprefabs_simpleprefab_img_prefabs_img_cg_ct038_cgroot

https://patch-ct-labs.ecchi.xxx/patch/files/assets_resources_versionshare_baseassets_uiprefabs_simpleprefab_img_prefabs_img_cg_ct067_cgroot.9cd7f8bcda94d410bcb83b376d46e844
D:\Games\GameUnpackAssets\mymodel\DevRes\樱境物语_资源下载器\Asset\assets_resources_versionshare_baseassets_uiprefabs_simpleprefab_img_prefabs_img_cg_ct067_cgroot

https://patch-ct-labs.ecchi.xxx/patch/files/assets_resources_honly_language_prefab_enus_simpleprefab_img_mirror_title_mirrortitle_silk.f665f77c575af731e92112fe3d27b7fd
D:\Games\GameUnpackAssets\mymodel\DevRes\樱境物语_资源下载器\Asset\assets_resources_honly_language_prefab_enus_simpleprefab_img_mirror_title_mirrortitle_silk

https://patch-ct-labs.ecchi.xxx/patch/files/assets_resources_honly_baseassets_sound_voice_vic_story_main9_vic_story_main9_050.6cae14cf01f02288b03904906a2accc9
D:\Games\GameUnpackAssets\mymodel\DevRes\樱境物语_资源下载器\Asset\assets_resources_honly_baseassets_sound_voice_vic_story_main9_vic_story_main9_050

https://patch-ct-labs.ecchi.xxx/patch/files/assets_resources_versionshare_baseassets_uiprefabs_simpleprefab_img_prefabs_img_cg_ct061_cgroot.f9d49c1418647b843c372ebc3b9a8ee1
D:\Games\GameUnpackAssets\mymodel\DevRes\樱境物语_资源下载器\Asset\assets_resources_versionshare_baseassets_uiprefabs_simpleprefab_img_prefabs_img_cg_ct061_cgroot

https://patch-ct-labs.ecchi.xxx/patch/files/assets_resources_honly_baseassets_uiprefabs_simpleprefab_img_mammon_ruins_mammon_ruins_w72.cc44a9add54840f6a7b4123f347f2cd9
D:\Games\GameUnpackAssets\mymodel\DevRes\樱境物语_资源下载器\Asset\assets_resources_honly_baseassets_uiprefabs_simpleprefab_img_mammon_ruins_mammon_ruins_w72

https://patch-ct-labs.ecchi.xxx/patch/files/assets_resources_versionshare_baseassets_uiprefabs_simpleprefab_img_prefabs_img_cg_ct066_fas_cgroot.bf89b9b002c7c03048f70f26a018618b
D:\Games\GameUnpackAssets\mymodel\DevRes\樱境物语_资源下载器\Asset\assets_resources_versionshare_baseassets_uiprefabs_simpleprefab_img_prefabs_img_cg_ct066_fas_cgroot

https://patch-ct-labs.ecchi.xxx/patch/files/assets_resources_versionshare_baseassets_uiprefabs_mainui_gift_new_step_wind_premium.b56e56ff579accc38a2eb5d351e33858
D:\Games\GameUnpackAssets\mymodel\DevRes\樱境物语_资源下载器\Asset\assets_resources_versionshare_baseassets_uiprefabs_mainui_gift_new_step_wind_premium

https://patch-ct-labs.ecchi.xxx/patch/files/assets_resources_honly_language_prefab_zhtw_simpleprefab_img_starpuzzle_title_startitle_support.cb285eb863769343526eb6b9b13990de
D:\Games\GameUnpackAssets\mymodel\DevRes\樱境物语_资源下载器\Asset\assets_resources_honly_language_prefab_zhtw_simpleprefab_img_starpuzzle_title_startitle_support

https://patch-ct-labs.ecchi.xxx/patch/files/assets_resources_versionshare_baseassets_uiprefabs_simpleprefab_img_prefabs_img_cg_ct043_2_cgroot.c37e908477145cf7a448676c0b267834
D:\Games\GameUnpackAssets\mymodel\DevRes\樱境物语_资源下载器\Asset\assets_resources_versionshare_baseassets_uiprefabs_simpleprefab_img_prefabs_img_cg_ct043_2_cgroot

https://patch-ct-labs.ecchi.xxx/patch/files/assets_resources_honly_baseassets_uiprefabs_simpleprefab_img_mammon_ruins_mammon_ruins_w97.9dcc759c36d10d1889612cc9e37b4fed
D:\Games\GameUnpackAssets\mymodel\DevRes\樱境物语_资源下载器\Asset\assets_resources_honly_baseassets_uiprefabs_simpleprefab_img_mammon_ruins_mammon_ruins_w97

https://patch-ct-labs.ecchi.xxx/patch/files/assets_resources_honly_baseassets_uiprefabs_simpleprefab_img_mammon_ruins_mammon_ruins_w101.0d0aeaf29a727b09ccb3a81bf893dfb2
D:\Games\GameUnpackAssets\mymodel\DevRes\樱境物语_资源下载器\Asset\assets_resources_honly_baseassets_uiprefabs_simpleprefab_img_mammon_ruins_mammon_ruins_w101

https://patch-ct-labs.ecchi.xxx/patch/files/assets_resources_versionshare_baseassets_uiprefabs_mainui_gift_new_step_common_premium.eafe58546a636a3800d6d5124390c20b
D:\Games\GameUnpackAssets\mymodel\DevRes\樱境物语_资源下载器\Asset\assets_resources_versionshare_baseassets_uiprefabs_mainui_gift_new_step_common_premium

https://patch-ct-labs.ecchi.xxx/patch/files/assets_resources_honly_baseassets_uiprefabs_simpleprefab_img_prefabs_img_hero_ct068h_icon.4c2051ad509b629a78f1a1c69e03db9d
D:\Games\GameUnpackAssets\mymodel\DevRes\樱境物语_资源下载器\Asset\assets_resources_honly_baseassets_uiprefabs_simpleprefab_img_prefabs_img_hero_ct068h_icon

https://patch-ct-labs.ecchi.xxx/patch/files/assets_resources_honly_language_prefab_zhtw_simpleprefab_img_mirror_title_mirrortitle_music.e892455b5840d996ab89ab479d602aae
D:\Games\GameUnpackAssets\mymodel\DevRes\樱境物语_资源下载器\Asset\assets_resources_honly_language_prefab_zhtw_simpleprefab_img_mirror_title_mirrortitle_music

https://patch-ct-labs.ecchi.xxx/patch/files/assets_resources_versionshare_baseassets_uiprefabs_mainui_gift_new_step_dark_normal.31527f89a141fab4bdbb1a06cf5e8e51
D:\Games\GameUnpackAssets\mymodel\DevRes\樱境物语_资源下载器\Asset\assets_resources_versionshare_baseassets_uiprefabs_mainui_gift_new_step_dark_normal

https://patch-ct-labs.ecchi.xxx/patch/files/assets_resources_versionshare_baseassets_uiprefabs_simpleprefab_img_prefabs_img_cg_ct041_cgroot.09d8e570402a8c647008555f7e257ad1
D:\Games\GameUnpackAssets\mymodel\DevRes\樱境物语_资源下载器\Asset\assets_resources_versionshare_baseassets_uiprefabs_simpleprefab_img_prefabs_img_cg_ct041_cgroot

https://patch-ct-labs.ecchi.xxx/patch/files/assets_resources_honly_baseassets_uiprefabs_simpleprefab_img_mammon_ruins_mammon_ruins_w134.c449e4c8f843ad27bd4096dd7a1404b2
D:\Games\GameUnpackAssets\mymodel\DevRes\樱境物语_资源下载器\Asset\assets_resources_honly_baseassets_uiprefabs_simpleprefab_img_mammon_ruins_mammon_ruins_w134

https://patch-ct-labs.ecchi.xxx/patch/files/assets_resources_honly_language_prefab_kokr_simpleprefab_img_starpuzzle_title_startitle_support.b9d89df21503472609564f8749063a3a
D:\Games\GameUnpackAssets\mymodel\DevRes\樱境物语_资源下载器\Asset\assets_resources_honly_language_prefab_kokr_simpleprefab_img_starpuzzle_title_startitle_support

https://patch-ct-labs.ecchi.xxx/patch/files/assets_resources_honly_baseassets_uiprefabs_simpleprefab_img_mammon_ruins_mammon_ruins_w85.d1b42a0d385b953341dc3abad8a88ca9
D:\Games\GameUnpackAssets\mymodel\DevRes\樱境物语_资源下载器\Asset\assets_resources_honly_baseassets_uiprefabs_simpleprefab_img_mammon_ruins_mammon_ruins_w85

https://patch-ct-labs.ecchi.xxx/patch/files/assets_resources_versionshare_baseassets_uiprefabs_simpleprefab_img_prefabs_img_cg_ct063_cgroot.8a6844b5715087b3745b082da5e4244a
D:\Games\GameUnpackAssets\mymodel\DevRes\樱境物语_资源下载器\Asset\assets_resources_versionshare_baseassets_uiprefabs_simpleprefab_img_prefabs_img_cg_ct063_cgroot

https://patch-ct-labs.ecchi.xxx/patch/files/assets_resources_honly_baseassets_uiprefabs_simpleprefab_img_mammon_ruins_mammon_ruins_w140.a3836bced262d97d5ed22d30062e4040
D:\Games\GameUnpackAssets\mymodel\DevRes\樱境物语_资源下载器\Asset\assets_resources_honly_baseassets_uiprefabs_simpleprefab_img_mammon_ruins_mammon_ruins_w140

https://patch-ct-labs.ecchi.xxx/patch/files/assets_resources_versionshare_baseassets_uiprefabs_mainui_gift_new_step_light_premium.e68a278570ee4959ef039a3491809d9c
D:\Games\GameUnpackAssets\mymodel\DevRes\樱境物语_资源下载器\Asset\assets_resources_versionshare_baseassets_uiprefabs_mainui_gift_new_step_light_premium

https://patch-ct-labs.ecchi.xxx/patch/files/assets_resources_honly_language_prefab_jajp_simpleprefab_img_starpuzzle_title_startitle_artillery.cad78fd7b320c8c509f0366489184c10
D:\Games\GameUnpackAssets\mymodel\DevRes\樱境物语_资源下载器\Asset\assets_resources_honly_language_prefab_jajp_simpleprefab_img_starpuzzle_title_startitle_artillery

https://patch-ct-labs.ecchi.xxx/patch/files/assets_resources_versionshare_baseassets_uiprefabs_simpleprefab_img_prefabs_img_cg_ct030_cgroot.3f17d2603e292fde7e29f0ae8ddcb212
D:\Games\GameUnpackAssets\mymodel\DevRes\樱境物语_资源下载器\Asset\assets_resources_versionshare_baseassets_uiprefabs_simpleprefab_img_prefabs_img_cg_ct030_cgroot

https://patch-ct-labs.ecchi.xxx/patch/files/assets_resources_honly_language_prefab_enus_simpleprefab_img_starpuzzle_title_startitle_vanguard.b7f16985e98ab88955a0e881e0bf77d1
D:\Games\GameUnpackAssets\mymodel\DevRes\樱境物语_资源下载器\Asset\assets_resources_honly_language_prefab_enus_simpleprefab_img_starpuzzle_title_startitle_vanguard

https://patch-ct-labs.ecchi.xxx/patch/files/assets_resources_honly_baseassets_uiprefabs_simpleprefab_img_mammon_ruins_mammon_ruins_w89.28b1717106c88e4a9ccf27e686f577bd
D:\Games\GameUnpackAssets\mymodel\DevRes\樱境物语_资源下载器\Asset\assets_resources_honly_baseassets_uiprefabs_simpleprefab_img_mammon_ruins_mammon_ruins_w89

https://patch-ct-labs.ecchi.xxx/patch/files/assets_resources_versionshare_baseassets_uiprefabs_simpleprefab_img_prefabs_img_cg_ct037_cgroot.7b8703281e5f37e6a0e0aa35eb2e1ac9
D:\Games\GameUnpackAssets\mymodel\DevRes\樱境物语_资源下载器\Asset\assets_resources_versionshare_baseassets_uiprefabs_simpleprefab_img_prefabs_img_cg_ct037_cgroot

https://patch-ct-labs.ecchi.xxx/patch/files/assets_resources_versionshare_baseassets_uiprefabs_simpleprefab_img_prefabs_img_cg_ct055_cgroot.22bc3dc3af2e7c9a2e22514f3082b74d
D:\Games\GameUnpackAssets\mymodel\DevRes\樱境物语_资源下载器\Asset\assets_resources_versionshare_baseassets_uiprefabs_simpleprefab_img_prefabs_img_cg_ct055_cgroot

https://patch-ct-labs.ecchi.xxx/patch/files/assets_resources_versionshare_baseassets_uiprefabs_mainui_gift_new_step_fire_normal.0b59722c9e805a6130f7fc891c9b0462
D:\Games\GameUnpackAssets\mymodel\DevRes\樱境物语_资源下载器\Asset\assets_resources_versionshare_baseassets_uiprefabs_mainui_gift_new_step_fire_normal

https://patch-ct-labs.ecchi.xxx/patch/files/assets_resources_honly_language_prefab_enus_simpleprefab_img_starpuzzle_title_startitle_artillery.21f9a79dc4c7cfc87a4e53ce89a95b2a
D:\Games\GameUnpackAssets\mymodel\DevRes\樱境物语_资源下载器\Asset\assets_resources_honly_language_prefab_enus_simpleprefab_img_starpuzzle_title_startitle_artillery

https://patch-ct-labs.ecchi.xxx/patch/files/assets_resources_honly_language_prefab_jajp_simpleprefab_img_starpuzzle_title_startitle_bastion.449eee14d206350de75efc90fc5d6592
D:\Games\GameUnpackAssets\mymodel\DevRes\樱境物语_资源下载器\Asset\assets_resources_honly_language_prefab_jajp_simpleprefab_img_starpuzzle_title_startitle_bastion

https://patch-ct-labs.ecchi.xxx/patch/files/assets_resources_honly_language_prefab_zhcn_simpleprefab_img_mirror_title_mirrortitle_silk.12aa160b8792d13c272a694c2b0329c2
D:\Games\GameUnpackAssets\mymodel\DevRes\樱境物语_资源下载器\Asset\assets_resources_honly_language_prefab_zhcn_simpleprefab_img_mirror_title_mirrortitle_silk

https://patch-ct-labs.ecchi.xxx/patch/files/assets_resources_honly_language_prefab_kokr_simpleprefab_img_starpuzzle_title_startitle_bastion.aeffc86aef341f2cc59321cbd3253022
D:\Games\GameUnpackAssets\mymodel\DevRes\樱境物语_资源下载器\Asset\assets_resources_honly_language_prefab_kokr_simpleprefab_img_starpuzzle_title_startitle_bastion

